[14:05:23] [Server thread/INFO]: Starting minecraft server version 1.12.2
[14:05:23] [Server thread/INFO]: Loading properties
[14:05:23] [Server thread/INFO]: Default game type: SURVIVAL
[14:05:23] [Server thread/INFO]: This server is running CraftBukkit version git-Spigot-642f6d2-57ab4cf (MC: 1.12.2) (Implementing API version 1.12.2-R0.1-SNAPSHOT)
[14:05:23] [Server thread/INFO]: Server Ping Player Sample Count: 12
[14:05:23] [Server thread/INFO]: Using 4 threads for Netty based IO
[14:05:23] [Server thread/INFO]: Debug logging is disabled
[14:05:23] [Server thread/INFO]: Generating keypair
[14:05:23] [Server thread/INFO]: Starting Minecraft server on *:25565
[14:05:24] [Server thread/INFO]: Using epoll channel type
[14:05:24] [Server thread/INFO]: Set PluginClassLoader as parallel capable
[14:05:24] [Server thread/INFO]: [ParaleloServerPlugin] Loading ParaleloServerPlugin v1.0
[14:05:24] [Server thread/INFO]: **** Beginning UUID conversion, this may take A LONG time ****
[14:05:24] [Server thread/INFO]: Preparing level "world"
[14:05:24] [Server thread/INFO]: -------- World Settings For [world] --------
[14:05:24] [Server thread/INFO]: Cactus Growth Modifier: 100%
[14:05:24] [Server thread/INFO]: Cane Growth Modifier: 100%
[14:05:24] [Server thread/INFO]: Melon Growth Modifier: 100%
[14:05:24] [Server thread/INFO]: Mushroom Growth Modifier: 100%
[14:05:24] [Server thread/INFO]: Pumpkin Growth Modifier: 100%
[14:05:24] [Server thread/INFO]: Sapling Growth Modifier: 100%
[14:05:24] [Server thread/INFO]: Wheat Growth Modifier: 100%
[14:05:24] [Server thread/INFO]: NetherWart Growth Modifier: 100%
[14:05:24] [Server thread/INFO]: Vine Growth Modifier: 100%
[14:05:24] [Server thread/INFO]: Cocoa Growth Modifier: 100%
[14:05:24] [Server thread/INFO]: Entity Activation Range: An 32 / Mo 32 / Mi 16 / Tiv true
[14:05:24] [Server thread/INFO]: Entity Tracking Range: Pl 48 / An 48 / Mo 48 / Mi 32 / Other 64
[14:05:24] [Server thread/INFO]: Mob Spawn Range: 4
[14:05:24] [Server thread/INFO]: Hopper Transfer: 8 Hopper Check: 1 Hopper Amount: 1
[14:05:24] [Server thread/INFO]: Random Lighting Updates: false
[14:05:24] [Server thread/INFO]: Structure Info Saving: true
[14:05:24] [Server thread/INFO]: Custom Map Seeds:  Village: 10387312 Feature: 14357617 Monument: 10387313 Slime: 987234911
[14:05:24] [Server thread/INFO]: Max TNT Explosions: 100
[14:05:24] [Server thread/INFO]: Tile Max Tick Time: 50ms Entity max Tick Time: 50ms
[14:05:24] [Server thread/INFO]: Item Despawn Rate: 6000
[14:05:24] [Server thread/INFO]: Item Merge Radius: 2.5
[14:05:24] [Server thread/INFO]: Arrow Despawn Rate: 1200
[14:05:24] [Server thread/INFO]: Allow Zombie Pigmen to spawn from portal blocks: true
[14:05:24] [Server thread/INFO]: View Distance: 10
[14:05:24] [Server thread/INFO]: Experience Merge Radius: 3.0
[14:05:24] [Server thread/INFO]: Zombie Aggressive Towards Villager: true
[14:05:24] [Server thread/INFO]: Nerfing mobs spawned from spawners: false
[14:05:24] [Server thread/INFO]: -------- World Settings For [world_nether] --------
[14:05:24] [Server thread/INFO]: Cactus Growth Modifier: 100%
[14:05:24] [Server thread/INFO]: Cane Growth Modifier: 100%
[14:05:24] [Server thread/INFO]: Melon Growth Modifier: 100%
[14:05:24] [Server thread/INFO]: Mushroom Growth Modifier: 100%
[14:05:24] [Server thread/INFO]: Pumpkin Growth Modifier: 100%
[14:05:24] [Server thread/INFO]: Sapling Growth Modifier: 100%
[14:05:24] [Server thread/INFO]: Wheat Growth Modifier: 100%
[14:05:24] [Server thread/INFO]: NetherWart Growth Modifier: 100%
[14:05:24] [Server thread/INFO]: Vine Growth Modifier: 100%
[14:05:24] [Server thread/INFO]: Cocoa Growth Modifier: 100%
[14:05:24] [Server thread/INFO]: Entity Activation Range: An 32 / Mo 32 / Mi 16 / Tiv true
[14:05:24] [Server thread/INFO]: Entity Tracking Range: Pl 48 / An 48 / Mo 48 / Mi 32 / Other 64
[14:05:24] [Server thread/INFO]: Mob Spawn Range: 4
[14:05:24] [Server thread/INFO]: Hopper Transfer: 8 Hopper Check: 1 Hopper Amount: 1
[14:05:24] [Server thread/INFO]: Random Lighting Updates: false
[14:05:24] [Server thread/INFO]: Structure Info Saving: true
[14:05:24] [Server thread/INFO]: Custom Map Seeds:  Village: 10387312 Feature: 14357617 Monument: 10387313 Slime: 987234911
[14:05:24] [Server thread/INFO]: Max TNT Explosions: 100
[14:05:24] [Server thread/INFO]: Tile Max Tick Time: 50ms Entity max Tick Time: 50ms
[14:05:24] [Server thread/INFO]: Item Despawn Rate: 6000
[14:05:24] [Server thread/INFO]: Item Merge Radius: 2.5
[14:05:24] [Server thread/INFO]: Arrow Despawn Rate: 1200
[14:05:24] [Server thread/INFO]: Allow Zombie Pigmen to spawn from portal blocks: true
[14:05:24] [Server thread/INFO]: View Distance: 10
[14:05:24] [Server thread/INFO]: Experience Merge Radius: 3.0
[14:05:24] [Server thread/INFO]: Zombie Aggressive Towards Villager: true
[14:05:24] [Server thread/INFO]: Nerfing mobs spawned from spawners: false
[14:05:24] [Server thread/INFO]: -------- World Settings For [world_the_end] --------
[14:05:24] [Server thread/INFO]: Cactus Growth Modifier: 100%
[14:05:24] [Server thread/INFO]: Cane Growth Modifier: 100%
[14:05:24] [Server thread/INFO]: Melon Growth Modifier: 100%
[14:05:24] [Server thread/INFO]: Mushroom Growth Modifier: 100%
[14:05:24] [Server thread/INFO]: Pumpkin Growth Modifier: 100%
[14:05:24] [Server thread/INFO]: Sapling Growth Modifier: 100%
[14:05:24] [Server thread/INFO]: Wheat Growth Modifier: 100%
[14:05:24] [Server thread/INFO]: NetherWart Growth Modifier: 100%
[14:05:24] [Server thread/INFO]: Vine Growth Modifier: 100%
[14:05:24] [Server thread/INFO]: Cocoa Growth Modifier: 100%
[14:05:24] [Server thread/INFO]: Entity Activation Range: An 32 / Mo 32 / Mi 16 / Tiv true
[14:05:24] [Server thread/INFO]: Entity Tracking Range: Pl 48 / An 48 / Mo 48 / Mi 32 / Other 64
[14:05:24] [Server thread/INFO]: Mob Spawn Range: 4
[14:05:24] [Server thread/INFO]: Hopper Transfer: 8 Hopper Check: 1 Hopper Amount: 1
[14:05:24] [Server thread/INFO]: Random Lighting Updates: false
[14:05:24] [Server thread/INFO]: Structure Info Saving: true
[14:05:24] [Server thread/INFO]: Custom Map Seeds:  Village: 10387312 Feature: 14357617 Monument: 10387313 Slime: 987234911
[14:05:24] [Server thread/INFO]: Max TNT Explosions: 100
[14:05:24] [Server thread/INFO]: Tile Max Tick Time: 50ms Entity max Tick Time: 50ms
[14:05:24] [Server thread/INFO]: Item Despawn Rate: 6000
[14:05:24] [Server thread/INFO]: Item Merge Radius: 2.5
[14:05:24] [Server thread/INFO]: Arrow Despawn Rate: 1200
[14:05:24] [Server thread/INFO]: Allow Zombie Pigmen to spawn from portal blocks: true
[14:05:24] [Server thread/INFO]: View Distance: 10
[14:05:24] [Server thread/INFO]: Experience Merge Radius: 3.0
[14:05:24] [Server thread/INFO]: Zombie Aggressive Towards Villager: true
[14:05:24] [Server thread/INFO]: Nerfing mobs spawned from spawners: false
[14:05:24] [Server thread/INFO]: Preparing start region for level 0 (Seed: 9093114884075768551)
[14:05:25] [Server thread/INFO]: Preparing start region for level 1 (Seed: 9093114884075768551)
[14:05:25] [Server thread/INFO]: Preparing start region for level 2 (Seed: 9093114884075768551)
[14:05:25] [Server thread/INFO]: [ParaleloServerPlugin] Enabling ParaleloServerPlugin v1.0
[14:05:25] [Server thread/WARN]: 2025-01-02
[14:05:25] [Server thread/WARN]:  
[14:05:25] [Server thread/WARN]: 14:05:25
[14:05:25] [Server thread/WARN]:  [
[14:05:25] [Server thread/WARN]: JDALogger
[14:05:25] [Server thread/WARN]: ] [
[14:05:25] [Server thread/WARN]: WARN
[14:05:25] [Server thread/WARN]: ] 
[14:05:25] [Server thread/WARN]: Using fallback logger due to missing SLF4J implementation.
[14:05:25] [Server thread/WARN]: 2025-01-02
[14:05:25] [Server thread/WARN]:  
[14:05:25] [Server thread/WARN]: 14:05:25
[14:05:25] [Server thread/WARN]:  [
[14:05:25] [Server thread/WARN]: JDALogger
[14:05:25] [Server thread/WARN]: ] [
[14:05:25] [Server thread/WARN]: WARN
[14:05:25] [Server thread/WARN]: ] 
[14:05:25] [Server thread/WARN]: Please setup a logging framework to use JDA.
[14:05:25] [Server thread/WARN]: 2025-01-02
[14:05:25] [Server thread/WARN]:  
[14:05:25] [Server thread/WARN]: 14:05:25
[14:05:25] [Server thread/WARN]:  [
[14:05:25] [Server thread/WARN]: JDALogger
[14:05:25] [Server thread/WARN]: ] [
[14:05:25] [Server thread/WARN]: WARN
[14:05:25] [Server thread/WARN]: ] 
[14:05:25] [Server thread/WARN]: You can use our logging setup guide https://jda.wiki/setup/logging/
[14:05:25] [Server thread/WARN]: 2025-01-02
[14:05:25] [Server thread/WARN]:  
[14:05:25] [Server thread/WARN]: 14:05:25
[14:05:25] [Server thread/WARN]:  [
[14:05:25] [Server thread/WARN]: JDALogger
[14:05:25] [Server thread/WARN]: ] [
[14:05:25] [Server thread/WARN]: WARN
[14:05:25] [Server thread/WARN]: ] 
[14:05:25] [Server thread/WARN]: To disable the fallback logger, add the slf4j-nop dependency or use JDALogger.setFallbackLoggerEnabled(false)
[14:05:25] [Server thread/WARN]: 2025-01-02
[14:05:25] [Server thread/WARN]:  
[14:05:25] [Server thread/WARN]: 14:05:25
[14:05:25] [Server thread/WARN]:  [
[14:05:25] [Server thread/WARN]: JDA
[14:05:25] [Server thread/WARN]: ] [
[14:05:25] [Server thread/WARN]: WARN
[14:05:25] [Server thread/WARN]: ] 
[14:05:25] [Server thread/WARN]: Automatically disabled CacheFlags due to missing intents
[14:05:25] [Server thread/WARN]: 2025-01-02
[14:05:25] [Server thread/WARN]:  
[14:05:25] [Server thread/WARN]: 14:05:25
[14:05:25] [Server thread/WARN]:  [
[14:05:25] [Server thread/WARN]: JDA
[14:05:25] [Server thread/WARN]: ] [
[14:05:25] [Server thread/WARN]: WARN
[14:05:25] [Server thread/WARN]: ] 
[14:05:25] [Server thread/WARN]: Disabled CacheFlag.VOICE_STATE (missing GatewayIntent.GUILD_VOICE_STATES)
[14:05:25] [Server thread/WARN]: 2025-01-02
[14:05:25] [Server thread/WARN]:  
[14:05:25] [Server thread/WARN]: 14:05:25
[14:05:25] [Server thread/WARN]:  [
[14:05:25] [Server thread/WARN]: JDA
[14:05:25] [Server thread/WARN]: ] [
[14:05:25] [Server thread/WARN]: WARN
[14:05:25] [Server thread/WARN]: ] 
[14:05:25] [Server thread/WARN]: Disabled CacheFlag.EMOJI (missing GatewayIntent.GUILD_EXPRESSIONS)
[14:05:25] [Server thread/WARN]: 2025-01-02
[14:05:25] [Server thread/WARN]:  
[14:05:25] [Server thread/WARN]: 14:05:25
[14:05:25] [Server thread/WARN]:  [
[14:05:25] [Server thread/WARN]: JDA
[14:05:25] [Server thread/WARN]: ] [
[14:05:25] [Server thread/WARN]: WARN
[14:05:25] [Server thread/WARN]: ] 
[14:05:25] [Server thread/WARN]: Disabled CacheFlag.STICKER (missing GatewayIntent.GUILD_EXPRESSIONS)
[14:05:25] [Server thread/WARN]: 2025-01-02
[14:05:25] [Server thread/WARN]:  
[14:05:25] [Server thread/WARN]: 14:05:25
[14:05:25] [Server thread/WARN]:  [
[14:05:25] [Server thread/WARN]: JDA
[14:05:25] [Server thread/WARN]: ] [
[14:05:25] [Server thread/WARN]: WARN
[14:05:25] [Server thread/WARN]: ] 
[14:05:25] [Server thread/WARN]: Disabled CacheFlag.SCHEDULED_EVENTS (missing GatewayIntent.SCHEDULED_EVENTS)
[14:05:25] [Server thread/WARN]: 2025-01-02
[14:05:25] [Server thread/WARN]:  
[14:05:25] [Server thread/WARN]: 14:05:25
[14:05:25] [Server thread/WARN]:  [
[14:05:25] [Server thread/WARN]: JDA
[14:05:25] [Server thread/WARN]: ] [
[14:05:25] [Server thread/WARN]: WARN
[14:05:25] [Server thread/WARN]: ] 
[14:05:25] [Server thread/WARN]: You can manually disable these flags to remove this warning by using disableCache(CacheFlag.VOICE_STATE, CacheFlag.EMOJI, CacheFlag.STICKER, CacheFlag.SCHEDULED_EVENTS) on your JDABuilder
[14:05:25] [Server thread/WARN]: SLF4J(W): No SLF4J providers were found.
[14:05:25] [Server thread/WARN]: SLF4J(W): Defaulting to no-operation (NOP) logger implementation
[14:05:25] [Server thread/WARN]: SLF4J(W): See https://www.slf4j.org/codes.html#noProviders for further details.
[14:05:26] [Server thread/WARN]: 2025-01-02
[14:05:26] [Server thread/WARN]:  
[14:05:26] [Server thread/WARN]: 14:05:26
[14:05:26] [Server thread/WARN]:  [
[14:05:26] [Server thread/WARN]: JDA
[14:05:26] [Server thread/WARN]: ] [
[14:05:26] [Server thread/WARN]: INFO
[14:05:26] [Server thread/WARN]: ] 
[14:05:26] [Server thread/WARN]: Login Successful!
[14:05:26] [Server thread/INFO]: Registering discord command: [21m[0;33;22mtest[m[m
[14:05:26] [Server thread/INFO]: Registering discord command: [21m[0;33;22mcommandexec[m[m
[14:05:26] [Server thread/INFO]: Registering discord command: [21m[0;33;22mserverstats[m[m
[14:05:26] [Server thread/INFO]: Server permissions file permissions.yml is empty, ignoring it
[14:05:26] [Server thread/INFO]: Done (2.528s)! For help, type "help" or "?"
[14:05:26] [JDA MainWS-WriteThread/WARN]: 2025-01-02
[14:05:26] [JDA MainWS-WriteThread/WARN]:  
[14:05:26] [JDA MainWS-WriteThread/WARN]: 14:05:26
[14:05:26] [JDA MainWS-WriteThread/WARN]:  [
[14:05:26] [JDA MainWS-WriteThread/WARN]: WebSocketClient
[14:05:26] [JDA MainWS-WriteThread/WARN]: ] [
[14:05:26] [JDA MainWS-WriteThread/WARN]: INFO
[14:05:26] [JDA MainWS-WriteThread/WARN]: ] 
[14:05:26] [JDA MainWS-WriteThread/WARN]: Connected to WebSocket
[14:05:27] [JDA MainWS-ReadThread/WARN]: 2025-01-02
[14:05:27] [JDA MainWS-ReadThread/WARN]:  
[14:05:27] [JDA MainWS-ReadThread/WARN]: 14:05:27
[14:05:27] [JDA MainWS-ReadThread/WARN]:  [
[14:05:27] [JDA MainWS-ReadThread/WARN]: JDA
[14:05:27] [JDA MainWS-ReadThread/WARN]: ] [
[14:05:27] [JDA MainWS-ReadThread/WARN]: INFO
[14:05:27] [JDA MainWS-ReadThread/WARN]: ] 
[14:05:27] [JDA MainWS-ReadThread/WARN]: Finished Loading!
[14:05:29] [User Authenticator #1/INFO]: UUID of player Awiwu_ is c61203ef-f471-4aa3-97d6-796fe399d880
[14:05:29] [Server thread/INFO]: Awiwu_[/192.168.0.108:45006] logged in with entity id 141 at ([world]-38.5, 63.0, 296.5)
[14:06:00] [JDA MainWS-ReadThread/INFO]: Opped Awiwu_
[14:06:04] [JDA MainWS-ReadThread/INFO]: De-opped Awiwu_
[14:06:21] [JDA MainWS-ReadThread/INFO]: [Awiwu_] holi
[14:06:58] [Thread-3/INFO]: Stopping server
